###############################################################
#  Generated by:      Cadence Encounter 09.12-s159_1
#  OS:                Linux x86_64(Host ID ug161.eecg)
#  Generated on:      Fri Mar 27 19:58:10 2015
#  Command:           verifyGeometry
###############################################################

SHORT: Regular Via of Net waddr[1] & Blockage of Cell waddr_reg[1]  ( M1 )
Bounds : ( 18.650, 17.750 ) ( 19.350, 18.450 )


SHORT: Regular Via of Net opcode[2] & Blockage of Cell opcode_reg[2]  ( M1 )
Bounds : ( 102.650, 50.150 ) ( 103.350, 50.850 )


SHORT: Regular Via of Net n82 & Blockage of Cell U103  ( M1 )
Bounds : ( 108.250, 42.950 ) ( 108.950, 43.650 )


SHORT: Regular Via of Net n81 & Blockage of Cell U97  ( M1 )
Bounds : ( 119.450, 42.950 ) ( 120.150, 43.650 )


SHORT: Regular Via of Net n75 & Blockage of Cell U102  ( M1 )
Bounds : ( 127.850, 42.950 ) ( 128.550, 43.650 )


SHORT: Regular Via of Net n70 & Blockage of Cell U106  ( M1 )
Bounds : ( 139.050, 37.550 ) ( 139.750, 38.250 )


SHORT: Regular Via of Net n69 & Blockage of Cell U108  ( M1 )
Bounds : ( 140.450, 17.750 ) ( 141.150, 18.450 )


SHORT: Regular Via of Net n68 & Blockage of Cell U99  ( M1 )
Bounds : ( 133.450, 42.950 ) ( 134.150, 43.650 )


SHORT: Regular Via of Net notphi1_2 & Blockage of Cell U22  ( M1 )
Bounds : ( 90.050, 17.750 ) ( 90.550, 18.450 )


SHORT: Regular Via of Net shl & Blockage of Cell shctl_reg[0]  ( M1 )
Bounds : ( 3.050, 5.150 ) ( 3.750, 5.850 )


SHORT: Regular Via of Net notFBEn[0] & Blockage of Cell U19  ( M1 )
Bounds : ( 21.450, 17.750 ) ( 21.950, 18.450 )



Begin Summary ...
  Cells       : 0
  SameNet     : 0
  Wiring      : 0
  Antenna     : 0
  Short       : 11
  Overlap     : 0
End Summary

  Total Violations : 11 Viols.
