###############################################################
#  Generated by:      Cadence Encounter 09.12-s159_1
#  OS:                Linux x86_64(Host ID ug251.eecg)
#  Generated on:      Thu Mar 26 11:13:12 2015
#  Command:           verifyGeometry
###############################################################

SHORT: Regular Via of Net waddr[1] & Blockage of Cell waddr_reg[1]  ( M1 )
Bounds : ( 32.650, 37.550 ) ( 33.350, 38.250 )


SHORT: Regular Via of Net n81 & Blockage of Cell U97  ( M1 )
Bounds : ( 178.050, 37.550 ) ( 178.750, 38.250 )


SHORT: Regular Via of Net n80 & Blockage of Cell U116  ( M1 )
Bounds : ( 160.050, 30.350 ) ( 160.750, 31.050 )


SHORT: Regular Via of Net n79 & Blockage of Cell U98  ( M1 )
Bounds : ( 155.850, 12.350 ) ( 156.550, 13.050 )


SHORT: Regular Via of Net n76 & Blockage of Cell U101  ( M1 )
Bounds : ( 134.650, 12.350 ) ( 135.350, 13.050 )


SHORT: Regular Wire of Net n75 & Blockage of Cell U102  ( M1 )
Bounds : ( 176.850, 17.900 ) ( 177.100, 18.450 )


SHORT: Regular Via of Net n71 & Blockage of Cell U113  ( M1 )
Bounds : ( 169.650, 30.350 ) ( 170.350, 31.050 )


SHORT: Regular Via of Net n69 & Blockage of Cell U108  ( M1 )
Bounds : ( 161.250, 12.350 ) ( 161.950, 13.050 )


SHORT: Regular Via of Net n68 & Blockage of Cell U99  ( M1 )
Bounds : ( 172.650, 17.750 ) ( 173.350, 18.450 )


SHORT: Regular Via of Net n28 & Blockage of Cell waddr_reg[1]  ( M1 )
Bounds : ( 29.850, 37.550 ) ( 30.350, 38.250 )


SHORT: Regular Via of Net n25 & Blockage of Cell opcode_reg[0]  ( M1 )
Bounds : ( 141.850, 37.550 ) ( 142.350, 38.250 )


SHORT: Regular Via of Net notshr & Blockage of Cell shctl_reg[1]  ( M1 )
Bounds : ( 6.050, 17.750 ) ( 6.550, 18.450 )


SHORT: Regular Via of Net shr & Blockage of Cell shctl_reg[1]  ( M1 )
Bounds : ( 3.050, 17.750 ) ( 3.750, 18.450 )


SHORT: Regular Via of Net shl & Blockage of Cell shctl_reg[0]  ( M1 )
Bounds : ( 3.050, 5.150 ) ( 3.750, 5.850 )


SHORT: Regular Via of Net notFBEn[2] & Blockage of Cell U17  ( M1 )
Bounds : ( 49.450, 17.750 ) ( 49.950, 18.450 )


SHORT: Regular Via of Net M[2] & Blockage of Cell U90  ( M1 )
Bounds : ( 122.250, 30.350 ) ( 122.750, 31.050 )


SHORT: Regular Via of Net L[3] & Blockage of Cell U91  ( M1 )
Bounds : ( 123.650, 5.150 ) ( 124.150, 5.850 )



Begin Summary ...
  Cells       : 0
  SameNet     : 0
  Wiring      : 0
  Antenna     : 0
  Short       : 17
  Overlap     : 0
End Summary

  Total Violations : 17 Viols.
