###############################################################
#  Generated by:      Cadence Encounter 09.12-s159_1
#  OS:                Linux x86_64(Host ID ug161.eecg)
#  Generated on:      Fri Mar 27 17:12:46 2015
#  Command:           verifyGeometry
###############################################################

SHORT: Regular Via of Net waddr[0] & Blockage of Cell waddr_reg[0]  ( M1 )
Bounds : ( 18.650, 42.950 ) ( 19.350, 43.650 )


SHORT: Regular Via of Net waddr[1] & Blockage of Cell waddr_reg[1]  ( M1 )
Bounds : ( 21.450, 30.350 ) ( 22.150, 31.050 )


SHORT: Regular Via of Net opcode[1] & Blockage of Cell opcode_reg[1]  ( M1 )
Bounds : ( 105.450, 50.150 ) ( 106.150, 50.850 )


SHORT: Regular Via of Net opcode[2] & Blockage of Cell opcode_reg[2]  ( M1 )
Bounds : ( 122.250, 42.950 ) ( 122.950, 43.650 )


SHORT: Regular Via of Net n84 & Blockage of Cell U100  ( M1 )
Bounds : ( 123.450, 17.750 ) ( 124.150, 18.450 )


SHORT: Regular Via of Net n83 & Blockage of Cell U105  ( M1 )
Bounds : ( 141.850, 42.950 ) ( 142.550, 43.650 )


SHORT: Regular Via of Net n82 & Blockage of Cell U103  ( M1 )
Bounds : ( 136.250, 42.950 ) ( 136.750, 43.650 )


SHORT: Regular Via of Net n79 & Blockage of Cell U98  ( M1 )
Bounds : ( 124.850, 42.950 ) ( 125.550, 43.650 )


SHORT: Regular Via of Net n76 & Blockage of Cell U101  ( M1 )
Bounds : ( 116.450, 17.750 ) ( 117.150, 18.450 )


SHORT: Regular Via of Net n74 & Blockage of Cell U115  ( M1 )
Bounds : ( 130.650, 42.950 ) ( 131.150, 43.650 )


SHORT: Regular Via of Net n72 & Blockage of Cell opcode_reg[2]  ( M1 )
Bounds : ( 119.450, 42.950 ) ( 119.950, 43.650 )


SHORT: Regular Via of Net n70 & Blockage of Cell U106  ( M1 )
Bounds : ( 115.250, 37.550 ) ( 115.950, 38.250 )


SHORT: Regular Via of Net n68 & Blockage of Cell U99  ( M1 )
Bounds : ( 147.250, 37.550 ) ( 147.950, 38.250 )


SHORT: Regular Via of Net n33 & Blockage of Cell U53  ( M1 )
Bounds : ( 144.650, 30.350 ) ( 145.150, 31.050 )


SHORT: Regular Via of Net n27 & Blockage of Cell waddr_reg[0]  ( M1 )
Bounds : ( 15.850, 42.950 ) ( 16.350, 43.650 )


SHORT: Regular Via of Net notphi1_2 & Blockage of Cell U22  ( M1 )
Bounds : ( 84.450, 17.750 ) ( 84.950, 18.450 )


SHORT: Regular Wire of Net shl & Blockage of Cell shctl_reg[0]  ( M1 )
Bounds : ( 3.050, 5.300 ) ( 3.500, 5.850 )


SHORT: Regular Via of Net notFBEn[0] & Blockage of Cell U19  ( M1 )
Bounds : ( 18.650, 17.750 ) ( 19.150, 18.450 )


SHORT: Regular Via of Net N[0] & Blockage of Cell U110  ( M1 )
Bounds : ( 129.250, 17.750 ) ( 129.950, 18.450 )


SHORT: Regular Via of Net N[1] & Blockage of Cell U111  ( M1 )
Bounds : ( 122.250, 17.750 ) ( 122.950, 18.450 )


SHORT: Regular Via of Net N[2] & Blockage of Cell U112  ( M1 )
Bounds : ( 141.650, 17.750 ) ( 142.350, 18.450 )



Begin Summary ...
  Cells       : 0
  SameNet     : 0
  Wiring      : 0
  Antenna     : 0
  Short       : 21
  Overlap     : 0
End Summary

  Total Violations : 21 Viols.
