###############################################################
#  Generated by:      Cadence Encounter 09.12-s159_1
#  OS:                Linux x86_64(Host ID ug161.eecg)
#  Generated on:      Fri Mar 27 17:13:13 2015
#  Command:           summaryReport -noHtml -outfile summaryReport.out
###############################################################


==============================
General Design Information
==============================
Design Status: Routed  
Design Name: control  
# Instances: 76  
# Hard Macros: 0  
# Std Cells: 76  
    ------------------------------
    Standard Cells in Netlist
    ------------------------------
               Cell Type   Instance Count  Area (um^2)  
                   or2p1                9         635.0400  
                   no3p1                1         105.8400  
                   no2p2                8         705.6000  
                   no2p1                2         105.8400  
                   na3p3                4         705.6000  
                   na3p2                4         564.4800  
                   na3p1                5         352.8000  
                   na2p3                3         317.5200  
                   na2p1                6         317.5200  
                  latsp2                6        1270.0800  
                  latrp1                7        1481.7600  
                   invp6                8         705.6000  
                   invp3                5         264.6000  
                   invp1                5         176.4000  
                   an2p3                3         264.6000  
# Pads: 0  
# Net: 111  
# Special Net: 2  
# IO Pins: 
    ------------------------------
    Issued IO Information
    ------------------------------
    # Unplaced IO Pin  0  
    # Floating IO  0  
    # IO Connected to Non-IO Inst  
        ------------------------------
        IO Connected to Non-IO Inst
        ------------------------------
                     IO Name      Non-IO Inst Name  
                      phi2_1                   U21  
                   notphi1_2                   U21  
                   notphi1_1                   U21  
                      phi1_3                   U22  
                      phi1_2                   U22  
                      phi1_1                   U22  
                      notshr          shctl_reg[1]  
                         shr          shctl_reg[1]  
                      notshl          shctl_reg[0]  
                         shl          shctl_reg[0]  
                  zeroSelect          opsel_reg[1]  
                     DSelect          opsel_reg[0]  
                     BSelect          opsel_reg[0]  
                     ASelect          opsel_reg[1]  
                  notFBEn[0]                   U19  
                  notFBEn[1]                   U18  
                  notFBEn[2]                   U17  
                  notFBEn[3]                   U16  
                     FBEn[0]                   U19  
                     FBEn[1]                   U18  
                     FBEn[2]                   U17  
                     FBEn[3]                   U16  
                  WriteEn[0]                   U19  
                  WriteEn[1]                   U18  
                  WriteEn[2]                   U17  
                  WriteEn[3]                   U16  
                    BRdEn[0]                   U70  
                    BRdEn[1]                   U72  
                    BRdEn[2]                   U74  
                    BRdEn[3]                   U76  
                    ARdEn[0]                   U78  
                    ARdEn[1]                   U80  
                    ARdEn[2]                   U82  
                    ARdEn[3]                   U84  
                        N[0]                  U110  
                        N[1]                  U111  
                        N[2]                  U112  
                        N[3]                  U114  
                        M[0]                   U92  
                        M[1]                   U89  
                        M[2]                   U90  
                        M[3]                   U93  
                        L[0]          aaddr_reg[0]  
                        L[1]                   U94  
                        L[2]                   U95  
                        L[3]                   U91  
                     ctrl[0]          aaddr_reg[0]  
                     ctrl[1]          aaddr_reg[1]  
                     ctrl[2]          baddr_reg[0]  
                     ctrl[3]          baddr_reg[1]  
                     ctrl[4]          opsel_reg[0]  
                     ctrl[5]          opsel_reg[1]  
                     ctrl[6]         opcode_reg[2]  
                        phi2                   U21  
                        phi1                   U22  55  55  
# Pins: 
    ------------------------------
    Correctness of Pin Connectivity for All Instances
    ------------------------------
    # Floating Terms  0  
    # Output Term Marked Tie Hi/Lo  0  
    # Output Term Shorted to PG Net  0  250  
# PG Pins: 
    ------------------------------
    Correctness of PG Pin Connectivity for All Instances
    ------------------------------
    # Instances that No Net Defined for Any PG Pin  0  
    # Floating PG Terms  0  
    # PG Pins Connect to Non-PG Net  0  
    # Power Pins Connect Ground Net  0  
    # Ground Pins Connect Power Net  0  152  
Average Pins Per Net(Signal): 2.252  

==============================
General Library Information
==============================
# Routing Layers: 3  
# Masterslice Layers: 0  
# Pin Layers: 
    General Caution:
        1) Library have met1, met2 and met3 pins, you should setPreRouteAsObs {1 2 3}                                 to ensure these pins are accessible after placement

    ------------------------------
    Pin Layers
    ------------------------------
    met3  
    met2  
    met1  3  
# Layers: 
    ------------------------------
    Layer met3 Information
    ------------------------------
    Type  Routing  
    Wire Pitch X  1.400 um  
    Wire Pitch Y  1.400 um  
    Offset X  0.700 um  
    Offset Y  0.700 um  
    Wire Width  0.600 um  
    Spacing  0.500 um  
    Line2Via  CAUTION: The line2via does not match the pitch  
    ------------------------------
    Layer via2 Information
    ------------------------------
    Type  Cut  
    Vias  
        ------------------------------
        Via list in layer via2
        ------------------------------
                Vias in via2  Default  
                        Via2       No  
                       M2_M3      Yes  For complete list click here  
    ------------------------------
    Layer met2 Information
    ------------------------------
    Type  Routing  
    Wire Pitch X  1.400 um  
    Wire Pitch Y  1.400 um  
    Offset X  0.700 um  
    Offset Y  0.700 um  
    Wire Width  0.600 um  
    Spacing  0.500 um  
    Line2Via  CAUTION: The line2via does not match the pitch  
    ------------------------------
    Layer via Information
    ------------------------------
    Type  Cut  
    Vias  
        ------------------------------
        Via list in layer via
        ------------------------------
                 Vias in via  Default  
                        Via1       No  
                       M2_M1      Yes  For complete list click here  
    ------------------------------
    Layer met1 Information
    ------------------------------
    Type  Routing  
    Wire Pitch X  1.400 um  
    Wire Pitch Y  1.400 um  
    Offset X  0.700 um  
    Offset Y  0.700 um  
    Wire Width  0.600 um  
    Spacing  0.450 um  
    Line2Via  CAUTION: The line2via does not match the pitch  5  
# Pins without Physical Port: 0  
# Pins in Library without Timing Lib: 
    ------------------------------
    Pins in Library without timing lib
    ------------------------------
               Cell Name      List of Pin Name  
                   xo4p2                     D  
                   xo4p2                     C  
                   xo4p2                     B  
                   xo4p2                     A  
                   xo4p2                     Q  
                   xo4p1                     D  
                   xo4p1                     C  
                   xo4p1                     B  
                   xo4p1                     A  
                   xo4p1                     Q  
                   xo2p4                     B  
                   xo2p4                     A  
                   xo2p4                     Q  
                   xo2p3                     B  
                   xo2p3                     A  
                   xo2p3                     Q  
                   xo2p2                     B  
                   xo2p2                     A  
                   xo2p2                     Q  
                   xo2p1                     B  
                   xo2p1                     A  
                   xo2p1                     Q  
                   xn4p4                     D  
                   xn4p4                     C  
                   xn4p4                     B  
                   xn4p4                     A  
                   xn4p4                    NQ  
                   xn4p3                     D  
                   xn4p3                     C  
                   xn4p3                     B  
                   xn4p3                     A  
                   xn4p3                    NQ  
                   xn4p2                     D  
                   xn4p2                     C  
                   xn4p2                     B  
                   xn4p2                     A  
                   xn4p2                    NQ  
                   xn4p1                     D  
                   xn4p1                     C  
                   xn4p1                     B  
                   xn4p1                     A  
                   xn4p1                    NQ  
                   xn2p4                     B  
                   xn2p4                     A  
                   xn2p4                    NQ  
                   xn2p3                     B  
                   xn2p3                     A  
                   xn2p3                    NQ  
                   xn2p2                     B  
                   xn2p2                     A  
                   xn2p2                    NQ  
                   xn2p1                     B  
                   xn2p1                     A  
                   xn2p1                    NQ  
                   or4p4                     D  
                   or4p4                     C  
                   or4p4                     B  
                   or4p4                     A  
                   or4p4                     Q  
                   or4p3                     D  
                   or4p3                     C  
                   or4p3                     B  
                   or4p3                     A  
                   or4p3                     Q  
                   or4p2                     D  
                   or4p2                     C  
                   or4p2                     B  
                   or4p2                     A  
                   or4p2                     Q  
                   or4p1                     D  
                   or4p1                     C  
                   or4p1                     B  
                   or4p1                     A  
                   or4p1                     Q  
                   or3p4                     C  
                   or3p4                     B  
                   or3p4                     A  
                   or3p4                     Q  
                   or3p3                     C  
                   or3p3                     B  
                   or3p3                     A  
                   or3p3                     Q  
                   or3p2                     C  
                   or3p2                     B  
                   or3p2                     A  
                   or3p2                     Q  
                   or3p1                     C  
                   or3p1                     B  
                   or3p1                     A  
                   or3p1                     Q  
                   or2p4                     B  
                   or2p4                     A  
                   or2p4                     Q  
                   or2p3                     B  
                   or2p3                     A  
                   or2p3                     Q  
                   or2p2                     B  
                   or2p2                     A  
                   or2p2                     Q  
                   or2p1                     B  
                   or2p1                     A  
                   or2p1                     Q  
                   no4p4                     D  
                   no4p4                     C  
                   no4p4                     B  
                   no4p4                     A  
                   no4p4                    NQ  
                   no4p3                     D  
                   no4p3                     C  
                   no4p3                     B  
                   no4p3                     A  
                   no4p3                    NQ  
                   no4p2                     D  
                   no4p2                     C  
                   no4p2                     B  
                   no4p2                     A  
                   no4p2                    NQ  
                   no4p1                     D  
                   no4p1                     C  
                   no4p1                     B  
                   no4p1                     A  
                   no4p1                    NQ  
                   no3p4                     C  
                   no3p4                     B  
                   no3p4                     A  
                   no3p4                    NQ  
                   no3p3                     C  
                   no3p3                     B  
                   no3p3                     A  
                   no3p3                    NQ  
                   no3p2                     C  
                   no3p2                     B  
                   no3p2                     A  
                   no3p2                    NQ  
                   no3p1                     C  
                   no3p1                     B  
                   no3p1                     A  
                   no3p1                    NQ  
                   no2p4                     B  
                   no2p4                     A  
                   no2p4                    NQ  
                   no2p3                     B  
                   no2p3                     A  
                   no2p3                    NQ  
                   no2p2                     B  
                   no2p2                     A  
                   no2p2                    NQ  
                   no2p1                     B  
                   no2p1                     A  
                   no2p1                    NQ  
                   na4p4                     D  
                   na4p4                     C  
                   na4p4                     B  
                   na4p4                     A  
                   na4p4                    NQ  
                   na4p3                     D  
                   na4p3                     C  
                   na4p3                     B  
                   na4p3                     A  
                   na4p3                    NQ  
                   na4p2                     D  
                   na4p2                     C  
                   na4p2                     B  
                   na4p2                     A  
                   na4p2                    NQ  
                   na4p1                     D  
                   na4p1                     C  
                   na4p1                     B  
                   na4p1                     A  
                   na4p1                    NQ  
                   na3p4                     C  
                   na3p4                     B  
                   na3p4                     A  
                   na3p4                    NQ  
                   na3p3                     C  
                   na3p3                     B  
                   na3p3                     A  
                   na3p3                    NQ  
                   na3p2                     C  
                   na3p2                     B  
                   na3p2                     A  
                   na3p2                    NQ  
                   na3p1                     C  
                   na3p1                     B  
                   na3p1                     A  
                   na3p1                    NQ  
                   na2p4                     B  
                   na2p4                     A  
                   na2p4                    NQ  
                   na2p3                     B  
                   na2p3                     A  
                   na2p3                    NQ  
                   na2p2                     B  
                   na2p2                     A  
                   na2p2                    NQ  
                   na2p1                     B  
                   na2p1                     A  
                   na2p1                    NQ  
                  mx41p4                    S1  
                  mx41p4                    S0  
                  mx41p4                    D3  
                  mx41p4                    D2  
                  mx41p4                    D1  
                  mx41p4                    D0  
                  mx41p4                     Q  
                  mx41p3                    S1  
                  mx41p3                    S0  
                  mx41p3                    D3  
                  mx41p3                    D2  
                  mx41p3                    D1  
                  mx41p3                    D0  
                  mx41p3                     Q  
                  mx41p2                    S1  
                  mx41p2                    S0  
                  mx41p2                    D3  
                  mx41p2                    D2  
                  mx41p2                    D1  
                  mx41p2                    D0  
                  mx41p2                     Q  
                  mx41p1                    S1  
                  mx41p1                    S0  
                  mx41p1                    D3  
                  mx41p1                    D2  
                  mx41p1                    D1  
                  mx41p1                    D0  
                  mx41p1                     Q  
                  mx21p4                    S0  
                  mx21p4                    D1  
                  mx21p4                    D0  
                  mx21p4                     Q  
                  mx21p3                    S0  
                  mx21p3                    D1  
                  mx21p3                    D0  
                  mx21p3                     Q  
                  mx21p2                    S0  
                  mx21p2                    D1  
                  mx21p2                    D0  
                  mx21p2                     Q  
                  mx21p1                    S0  
                  mx21p1                    D1  
                  mx21p1                    D0  
                  mx21p1                     Q  
                  latsp2                    NS  
                  latsp2                     G  
                  latsp2                     D  
                  latsp2                     Q  
                  latsp2                    NQ  
                  latsp1                    NS  
                  latsp1                     G  
                  latsp1                     D  
                  latsp1                     Q  
                  latsp1                    NQ  
                  latrp2                    NR  
                  latrp2                     G  
                  latrp2                     D  
                  latrp2                     Q  
                  latrp2                    NQ  
                  latrp1                    NR  
                  latrp1                     G  
                  latrp1                     D  
                  latrp1                     Q  
                  latrp1                    NQ  
                   invp8                     A  
                   invp8                    NQ  
                   invp6                     A  
                   invp6                    NQ  
                   invp4                     A  
                   invp4                    NQ  
                   invp3                     A  
                   invp3                    NQ  
                   invp2                     A  
                   invp2                    NQ  
                   invp1                     A  
                   invp1                    NQ  
                   fdsp2                    NS  
                   fdsp2                     D  
                   fdsp2                     C  
                   fdsp2                     Q  
                   fdsp2                    NQ  
                   fdsp1                    NS  
                   fdsp1                     D  
                   fdsp1                     C  
                   fdsp1                     Q  
                   fdsp1                    NQ  
                  fdrsp2                    NS  
                  fdrsp2                    NR  
                  fdrsp2                     D  
                  fdrsp2                     C  
                  fdrsp2                     Q  
                  fdrsp2                    NQ  
                  fdrsp1                    NS  
                  fdrsp1                    NR  
                  fdrsp1                     D  
                  fdrsp1                     C  
                  fdrsp1                     Q  
                  fdrsp1                    NQ  
                   fdrp2                    NR  
                   fdrp2                     D  
                   fdrp2                     C  
                   fdrp2                     Q  
                   fdrp2                    NQ  
                   fdrp1                    NR  
                   fdrp1                     D  
                   fdrp1                     C  
                   fdrp1                     Q  
                   fdrp1                    NQ  
                    fdp2                     D  
                    fdp2                     C  
                    fdp2                     Q  
                    fdp2                    NQ  
                    fdp1                     D  
                    fdp1                     C  
                    fdp1                     Q  
                    fdp1                    NQ  
                   bufp8                     A  
                   bufp8                     Q  
                   bufp6                     A  
                   bufp6                     Q  
                   bufp4                     A  
                   bufp4                     Q  
                   bufp3                     A  
                   bufp3                     Q  
                   bufp2                     A  
                   bufp2                     Q  
                   bufp1                     A  
                   bufp1                     Q  
                 ao222p4                    C2  
                 ao222p4                    C1  
                 ao222p4                    B2  
                 ao222p4                    B1  
                 ao222p4                    A2  
                 ao222p4                    A1  
                 ao222p4                     Q  
                 ao222p3                    C2  
                 ao222p3                    C1  
                 ao222p3                    B2  
                 ao222p3                    B1  
                 ao222p3                    A2  
                 ao222p3                    A1  
                 ao222p3                     Q  
                 ao222p2                    C2  
                 ao222p2                    C1  
                 ao222p2                    B2  
                 ao222p2                    B1  
                 ao222p2                    A2  
                 ao222p2                    A1  
                 ao222p2                     Q  
                 ao222p1                    C2  
                 ao222p1                    C1  
                 ao222p1                    B2  
                 ao222p1                    B1  
                 ao222p1                    A2  
                 ao222p1                    A1  
                 ao222p1                     Q  
                 ao211p4                     C  
                 ao211p4                     B  
                 ao211p4                    A2  
                 ao211p4                    A1  
                 ao211p4                     Q  
                 ao211p3                     C  
                 ao211p3                     B  
                 ao211p3                    A2  
                 ao211p3                    A1  
                 ao211p3                     Q  
                 ao211p2                     C  
                 ao211p2                     B  
                 ao211p2                    A2  
                 ao211p2                    A1  
                 ao211p2                     Q  
                 ao211p1                     C  
                 ao211p1                     B  
                 ao211p1                    A2  
                 ao211p1                    A1  
                 ao211p1                     Q  
                   an4p4                     D  
                   an4p4                     C  
                   an4p4                     B  
                   an4p4                     A  
                   an4p4                     Q  
                   an4p3                     D  
                   an4p3                     C  
                   an4p3                     B  
                   an4p3                     A  
                   an4p3                     Q  
                   an4p2                     D  
                   an4p2                     C  
                   an4p2                     B  
                   an4p2                     A  
                   an4p2                     Q  
                   an4p1                     D  
                   an4p1                     C  
                   an4p1                     B  
                   an4p1                     A  
                   an4p1                     Q  
                   an3p4                     C  
                   an3p4                     B  
                   an3p4                     A  
                   an3p4                     Q  
                   an3p3                     C  
                   an3p3                     B  
                   an3p3                     A  
                   an3p3                     Q  
                   an3p2                     C  
                   an3p2                     B  
                   an3p2                     A  
                   an3p2                     Q  
                   an3p1                     C  
                   an3p1                     B  
                   an3p1                     A  
                   an3p1                     Q  
                   an2p4                     B  
                   an2p4                     A  
                   an2p4                     Q  
                   an2p3                     B  
                   an2p3                     A  
                   an2p3                     Q  
                   an2p2                     B  
                   an2p2                     A  
                   an2p2                     Q  
                   an2p1                     B  
                   an2p1                     A  
                   an2p1                     Q  422  
# Pins Missing Direction: 0  
Antenna Summary Report: 
    General Caution:
        1) All Antenna Constructs are absent for the layer section of LEF.
        2) All Antenna Constructs are absent for the macro section of LEF.For more information click here  
# Cells Missing LEF Info: 0  
# Cells with Dimension Errors: 0  

==============================
Netlist Information
==============================
# HFO (>200) Nets: 0  
# No-driven Nets: 10  
    General Caution:
        1) TODO
    No-driven Nets  
    N9  
    phi2_1  
    notphi1_1  
    phi1_3  
    phi1_2  
    phi1_1  
    WriteEn[0]  
    WriteEn[1]  
    WriteEn[2]  
    WriteEn[3]  
# Multi-driven Nets: 0  
# Assign Statements: 11  
    General Caution:
        1) The assignment statements can impact CTS and IPO.
        2) You can use "setDoAssign" properly to slove the problem.
    
    Verilog File Name: control_syn.v  
    Module Name: control  
    N9 = phi1  
    phi1_1 = N9  
    phi1_2 = N9  
    phi1_3 = N9  
    notphi1_1 = notphi1_2  
    WriteEn[0] = notFBEn[0]  
    WriteEn[1] = notFBEn[1]  
    WriteEn[2] = notFBEn[2]  
    WriteEn[3] = notFBEn[3]  
    phi2_1 = phi2  
    L[0] = 1'b1  
Is Design Uniquified: YES  
# Pins in Netlist without timing lib: 
    ------------------------------
    Pins in Netlist without timing lib
    ------------------------------
    Cell Name  List of Pin Name  
    xo4p2  D  
    xo4p2  C  
    xo4p2  B  
    xo4p2  A  
    xo4p2  Q  
    xo4p1  D  
    xo4p1  C  
    xo4p1  B  
    xo4p1  A  
    xo4p1  Q  
    xo2p4  B  
    xo2p4  A  
    xo2p4  Q  
    xo2p3  B  
    xo2p3  A  
    xo2p3  Q  
    xo2p2  B  
    xo2p2  A  
    xo2p2  Q  
    xo2p1  B  
    xo2p1  A  
    xo2p1  Q  
    xn4p4  D  
    xn4p4  C  
    xn4p4  B  
    xn4p4  A  
    xn4p4  NQ  
    xn4p3  D  
    xn4p3  C  
    xn4p3  B  
    xn4p3  A  
    xn4p3  NQ  
    xn4p2  D  
    xn4p2  C  
    xn4p2  B  
    xn4p2  A  
    xn4p2  NQ  
    xn4p1  D  
    xn4p1  C  
    xn4p1  B  
    xn4p1  A  
    xn4p1  NQ  
    xn2p4  B  
    xn2p4  A  
    xn2p4  NQ  
    xn2p3  B  
    xn2p3  A  
    xn2p3  NQ  
    xn2p2  B  
    xn2p2  A  
    xn2p2  NQ  
    xn2p1  B  
    xn2p1  A  
    xn2p1  NQ  
    or4p4  D  
    or4p4  C  
    or4p4  B  
    or4p4  A  
    or4p4  Q  
    or4p3  D  
    or4p3  C  
    or4p3  B  
    or4p3  A  
    or4p3  Q  
    or4p2  D  
    or4p2  C  
    or4p2  B  
    or4p2  A  
    or4p2  Q  
    or4p1  D  
    or4p1  C  
    or4p1  B  
    or4p1  A  
    or4p1  Q  
    or3p4  C  
    or3p4  B  
    or3p4  A  
    or3p4  Q  
    or3p3  C  
    or3p3  B  
    or3p3  A  
    or3p3  Q  
    or3p2  C  
    or3p2  B  
    or3p2  A  
    or3p2  Q  
    or3p1  C  
    or3p1  B  
    or3p1  A  
    or3p1  Q  
    or2p4  B  
    or2p4  A  
    or2p4  Q  
    or2p3  B  
    or2p3  A  
    or2p3  Q  
    or2p2  B  
    or2p2  A  
    or2p2  Q  
    or2p1  B  
    or2p1  A  
    or2p1  Q  
    no4p4  D  
    no4p4  C  
    no4p4  B  
    no4p4  A  
    no4p4  NQ  
    no4p3  D  
    no4p3  C  
    no4p3  B  
    no4p3  A  
    no4p3  NQ  
    no4p2  D  
    no4p2  C  
    no4p2  B  
    no4p2  A  
    no4p2  NQ  
    no4p1  D  
    no4p1  C  
    no4p1  B  
    no4p1  A  
    no4p1  NQ  
    no3p4  C  
    no3p4  B  
    no3p4  A  
    no3p4  NQ  
    no3p3  C  
    no3p3  B  
    no3p3  A  
    no3p3  NQ  
    no3p2  C  
    no3p2  B  
    no3p2  A  
    no3p2  NQ  
    no3p1  C  
    no3p1  B  
    no3p1  A  
    no3p1  NQ  
    no2p4  B  
    no2p4  A  
    no2p4  NQ  
    no2p3  B  
    no2p3  A  
    no2p3  NQ  
    no2p2  B  
    no2p2  A  
    no2p2  NQ  
    no2p1  B  
    no2p1  A  
    no2p1  NQ  
    na4p4  D  
    na4p4  C  
    na4p4  B  
    na4p4  A  
    na4p4  NQ  
    na4p3  D  
    na4p3  C  
    na4p3  B  
    na4p3  A  
    na4p3  NQ  
    na4p2  D  
    na4p2  C  
    na4p2  B  
    na4p2  A  
    na4p2  NQ  
    na4p1  D  
    na4p1  C  
    na4p1  B  
    na4p1  A  
    na4p1  NQ  
    na3p4  C  
    na3p4  B  
    na3p4  A  
    na3p4  NQ  
    na3p3  C  
    na3p3  B  
    na3p3  A  
    na3p3  NQ  
    na3p2  C  
    na3p2  B  
    na3p2  A  
    na3p2  NQ  
    na3p1  C  
    na3p1  B  
    na3p1  A  
    na3p1  NQ  
    na2p4  B  
    na2p4  A  
    na2p4  NQ  
    na2p3  B  
    na2p3  A  
    na2p3  NQ  
    na2p2  B  
    na2p2  A  
    na2p2  NQ  
    na2p1  B  
    na2p1  A  
    na2p1  NQ  
    mx41p4  S1  
    mx41p4  S0  
    mx41p4  D3  
    mx41p4  D2  
    mx41p4  D1  
    mx41p4  D0  
    mx41p4  Q  
    mx41p3  S1  
    mx41p3  S0  
    mx41p3  D3  
    mx41p3  D2  
    mx41p3  D1  
    mx41p3  D0  
    mx41p3  Q  
    mx41p2  S1  
    mx41p2  S0  
    mx41p2  D3  
    mx41p2  D2  
    mx41p2  D1  
    mx41p2  D0  
    mx41p2  Q  
    mx41p1  S1  
    mx41p1  S0  
    mx41p1  D3  
    mx41p1  D2  
    mx41p1  D1  
    mx41p1  D0  
    mx41p1  Q  
    mx21p4  S0  
    mx21p4  D1  
    mx21p4  D0  
    mx21p4  Q  
    mx21p3  S0  
    mx21p3  D1  
    mx21p3  D0  
    mx21p3  Q  
    mx21p2  S0  
    mx21p2  D1  
    mx21p2  D0  
    mx21p2  Q  
    mx21p1  S0  
    mx21p1  D1  
    mx21p1  D0  
    mx21p1  Q  
    latsp2  NS  
    latsp2  G  
    latsp2  D  
    latsp2  Q  
    latsp2  NQ  
    latsp1  NS  
    latsp1  G  
    latsp1  D  
    latsp1  Q  
    latsp1  NQ  
    latrp2  NR  
    latrp2  G  
    latrp2  D  
    latrp2  Q  
    latrp2  NQ  
    latrp1  NR  
    latrp1  G  
    latrp1  D  
    latrp1  Q  
    latrp1  NQ  
    invp8  A  
    invp8  NQ  
    invp6  A  
    invp6  NQ  
    invp4  A  
    invp4  NQ  
    invp3  A  
    invp3  NQ  
    invp2  A  
    invp2  NQ  
    invp1  A  
    invp1  NQ  
    fdsp2  NS  
    fdsp2  D  
    fdsp2  C  
    fdsp2  Q  
    fdsp2  NQ  
    fdsp1  NS  
    fdsp1  D  
    fdsp1  C  
    fdsp1  Q  
    fdsp1  NQ  
    fdrsp2  NS  
    fdrsp2  NR  
    fdrsp2  D  
    fdrsp2  C  
    fdrsp2  Q  
    fdrsp2  NQ  
    fdrsp1  NS  
    fdrsp1  NR  
    fdrsp1  D  
    fdrsp1  C  
    fdrsp1  Q  
    fdrsp1  NQ  
    fdrp2  NR  
    fdrp2  D  
    fdrp2  C  
    fdrp2  Q  
    fdrp2  NQ  
    fdrp1  NR  
    fdrp1  D  
    fdrp1  C  
    fdrp1  Q  
    fdrp1  NQ  
    fdp2  D  
    fdp2  C  
    fdp2  Q  
    fdp2  NQ  
    fdp1  D  
    fdp1  C  
    fdp1  Q  
    fdp1  NQ  
    bufp8  A  
    bufp8  Q  
    bufp6  A  
    bufp6  Q  
    bufp4  A  
    bufp4  Q  
    bufp3  A  
    bufp3  Q  
    bufp2  A  
    bufp2  Q  
    bufp1  A  
    bufp1  Q  
    ao222p4  C2  
    ao222p4  C1  
    ao222p4  B2  
    ao222p4  B1  
    ao222p4  A2  
    ao222p4  A1  
    ao222p4  Q  
    ao222p3  C2  
    ao222p3  C1  
    ao222p3  B2  
    ao222p3  B1  
    ao222p3  A2  
    ao222p3  A1  
    ao222p3  Q  
    ao222p2  C2  
    ao222p2  C1  
    ao222p2  B2  
    ao222p2  B1  
    ao222p2  A2  
    ao222p2  A1  
    ao222p2  Q  
    ao222p1  C2  
    ao222p1  C1  
    ao222p1  B2  
    ao222p1  B1  
    ao222p1  A2  
    ao222p1  A1  
    ao222p1  Q  
    ao211p4  C  
    ao211p4  B  
    ao211p4  A2  
    ao211p4  A1  
    ao211p4  Q  
    ao211p3  C  
    ao211p3  B  
    ao211p3  A2  
    ao211p3  A1  
    ao211p3  Q  
    ao211p2  C  
    ao211p2  B  
    ao211p2  A2  
    ao211p2  A1  
    ao211p2  Q  
    ao211p1  C  
    ao211p1  B  
    ao211p1  A2  
    ao211p1  A1  
    ao211p1  Q  
    an4p4  D  
    an4p4  C  
    an4p4  B  
    an4p4  A  
    an4p4  Q  
    an4p3  D  
    an4p3  C  
    an4p3  B  
    an4p3  A  
    an4p3  Q  
    an4p2  D  
    an4p2  C  
    an4p2  B  
    an4p2  A  
    an4p2  Q  
    an4p1  D  
    an4p1  C  
    an4p1  B  
    an4p1  A  
    an4p1  Q  
    an3p4  C  
    an3p4  B  
    an3p4  A  
    an3p4  Q  
    an3p3  C  
    an3p3  B  
    an3p3  A  
    an3p3  Q  
    an3p2  C  
    an3p2  B  
    an3p2  A  
    an3p2  Q  
    an3p1  C  
    an3p1  B  
    an3p1  A  
    an3p1  Q  
    an2p4  B  
    an2p4  A  
    an2p4  Q  
    an2p3  B  
    an2p3  A  
    an2p3  Q  
    an2p2  B  
    an2p2  A  
    an2p2  Q  
    an2p1  B  
    an2p1  A  
    an2p1  Q  422  

==============================

==============================
: Internal  External  
No of Nets:         98           0  
No of Connections:        193           0  
Total Net Length (X): 2.1748e+03  0.0000e+00  
Total Net Length (Y): 1.9980e+03  0.0000e+00  
Total Net Length: 4.1729e+03  0.0000e+00  

==============================
Timing Information
==============================
# Clocks in design: 0  
# Generated clocks: 0  
# "dont_use" cells from .libs: 0  
# "dont_touch" cells from .libs: 0  
# Cells in .lib with max_tran: 0  
# Cells in .lib with max_cap: 0  
# Cells in .lib with max_fanout: 0  
SDC max_cap: N/A  
SDC max_tran: N/A  
SDC max_fanout: N/A  
Default Ext. Scale Factor: 1.000  
Detail Ext. Scale Factor: 1.000  

==============================
Floorplan/Placement Information
==============================
Total area of Standard cells: 7973.280 um^2  
Total area of Standard cells(Subtracting Physical Cells): 7973.280 um^2  
Total area of Macros: 0.000 um^2  
Total area of Blockages: 0.000 um^2  
Total area of Pad cells: 0.000 um^2  
Total area of Core: 9380.322 um^2  
Total area of Chip: 10531.450 um^2  
Effective Utilization: 8.5283e-01  
Number of Cell Rows: 5  
% Pure Gate Density #1 (Subtracting BLOCKAGES): 85.000%  
% Pure Gate Density #2 (Subtracting BLOCKAGES and Physical Cells): 85.000%  
% Pure Gate Density #3 (Subtracting MACROS): 85.000%  
% Pure Gate Density #4 (Subtracting MACROS and Physical Cells): 85.000%  
% Pure Gate Density #5 (Subtracting MACROS and BLOCKAGES): 85.000%  
% Pure Gate Density #6 (Subtracting MACROS and BLOCKAGES and Physical Cells): 85.000%  
% Core Density (Counting Std Cells and MACROs): 85.000%  
% Core Density #2(Subtracting Physical Cells): 85.000%  
% Chip Density (Counting Std Cells and MACROs and IOs): 75.709%  
% Chip Density #2(Subtracting Physical Cells): 75.709%  
# Macros within 5 sites of IO pad: No  
Macro halo defined?: No  

==============================
Wire Length Distribution
==============================
Total met1 wire length: 51.1000 um  
Total met2 wire length: 2274.5750 um  
Total met3 wire length: 2073.5000 um  
Total wire length: 4399.1750 um  
Average wire length/net: 39.6322 um  
Area of Power Net Distribution: 
    ------------------------------
    Area of Power Net Distribution
    ------------------------------
    Layer Name  Area of Power Net  Routable Area  Percentage  
    met1  853.3000  9380.3220  9.0967%  
    met2  0.0000  9380.3220  0.0000%  
    met3  0.0000  9380.3220  0.0000%  For more information click here  
