###############################################################
#  Generated by:      Cadence Encounter 09.12-s159_1
#  OS:                Linux x86_64(Host ID ug251.eecg)
#  Generated on:      Wed Mar 25 11:00:27 2015
#  Command:           verifyGeometry
###############################################################

SHORT: Regular Via of Net n128 & Blockage of Cell opcode_reg[1]  ( M1 )
Bounds : ( 105.450, 42.950 ) ( 106.150, 43.650 )


SHORT: Regular Via of Net n125 & Blockage of Cell U180  ( M1 )
Bounds : ( 130.650, 17.750 ) ( 131.350, 18.450 )


SHORT: Regular Via of Net n118 & Blockage of Cell U175  ( M1 )
Bounds : ( 127.850, 42.950 ) ( 128.550, 43.650 )


SHORT: Regular Via of Net n102 & Blockage of Cell U163  ( M1 )
Bounds : ( 147.450, 17.750 ) ( 147.950, 18.450 )


SHORT: Regular Via of Net N13 & Blockage of Cell U105  ( M1 )
Bounds : ( 87.250, 12.350 ) ( 87.750, 13.050 )


SHORT: Regular Wire of Net shl & Blockage of Cell shctl_reg[0]  ( M1 )
Bounds : ( 3.050, 17.900 ) ( 3.500, 18.450 )



Begin Summary ...
  Cells       : 0
  SameNet     : 0
  Wiring      : 0
  Antenna     : 0
  Short       : 6
  Overlap     : 0
End Summary

  Total Violations : 6 Viols.
