###############################################################
#  Generated by:      Cadence Encounter 09.12-s159_1
#  OS:                Linux x86_64(Host ID ug161.eecg)
#  Generated on:      Fri Mar 27 19:53:50 2015
#  Command:           verifyGeometry
###############################################################

SHORT: Regular Via of Net waddr[1] & Blockage of Cell waddr_reg[1]  ( M1 )
Bounds : ( 18.650, 37.550 ) ( 19.350, 38.250 )


SHORT: Regular Via of Net opcode[0] & Blockage of Cell opcode_reg[0]  ( M1 )
Bounds : ( 136.250, 37.550 ) ( 136.950, 38.250 )


SHORT: Regular Via of Net opcode[1] & Blockage of Cell opcode_reg[1]  ( M1 )
Bounds : ( 125.050, 42.950 ) ( 125.750, 43.650 )


SHORT: Regular Via of Net opcode[2] & Blockage of Cell opcode_reg[2]  ( M1 )
Bounds : ( 119.450, 37.550 ) ( 120.150, 38.250 )


SHORT: Regular Via of Net n83 & Blockage of Cell U105  ( M1 )
Bounds : ( 164.050, 37.550 ) ( 164.750, 38.250 )


SHORT: Regular Via of Net n82 & Blockage of Cell U103  ( M1 )
Bounds : ( 140.450, 42.950 ) ( 141.150, 43.650 )


SHORT: Regular Via of Net n80 & Blockage of Cell U116  ( M1 )
Bounds : ( 150.250, 30.350 ) ( 150.950, 31.050 )


SHORT: Regular Via of Net n79 & Blockage of Cell U98  ( M1 )
Bounds : ( 139.050, 37.550 ) ( 139.750, 38.250 )


SHORT: Regular Via of Net n78 & Blockage of Cell U104  ( M1 )
Bounds : ( 130.650, 42.950 ) ( 131.150, 43.650 )


SHORT: Regular Via of Net n76 & Blockage of Cell U101  ( M1 )
Bounds : ( 122.050, 17.750 ) ( 122.750, 18.450 )


SHORT: Regular Via of Net n75 & Blockage of Cell U102  ( M1 )
Bounds : ( 153.050, 17.750 ) ( 153.750, 18.450 )


SHORT: Regular Via of Net n74 & Blockage of Cell U115  ( M1 )
Bounds : ( 150.250, 42.950 ) ( 150.750, 43.650 )


SHORT: Regular Via of Net n71 & Blockage of Cell U113  ( M1 )
Bounds : ( 140.250, 30.350 ) ( 140.950, 31.050 )


SHORT: Regular Via of Net n69 & Blockage of Cell U108  ( M1 )
Bounds : ( 154.250, 17.750 ) ( 154.950, 18.450 )


SHORT: Regular Via of Net n56 & Blockage of Cell U75  ( M1 )
Bounds : ( 99.850, 42.950 ) ( 100.350, 43.650 )


SHORT: Regular Via of Net n27 & Blockage of Cell waddr_reg[0]  ( M1 )
Bounds : ( 17.250, 42.950 ) ( 17.750, 43.650 )


SHORT: Regular Via of Net n25 & Blockage of Cell opcode_reg[0]  ( M1 )
Bounds : ( 133.450, 37.550 ) ( 133.950, 38.250 )


SHORT: Regular Via of Net shl & Blockage of Cell shctl_reg[0]  ( M1 )
Bounds : ( 3.050, 5.150 ) ( 3.750, 5.850 )


SHORT: Regular Via of Net notFBEn[0] & Blockage of Cell U19  ( M1 )
Bounds : ( 18.650, 17.750 ) ( 19.150, 18.450 )


SHORT: Regular Via of Net N[0] & Blockage of Cell U110  ( M1 )
Bounds : ( 131.850, 17.750 ) ( 132.550, 18.450 )


SHORT: Regular Via of Net N[1] & Blockage of Cell U111  ( M1 )
Bounds : ( 124.850, 17.750 ) ( 125.550, 18.450 )


SHORT: Regular Via of Net N[3] & Blockage of Cell U114  ( M1 )
Bounds : ( 120.850, 17.750 ) ( 121.550, 18.450 )


SHORT: Regular Via of Net L[3] & Blockage of Cell U91  ( M1 )
Bounds : ( 130.650, 5.150 ) ( 131.150, 5.850 )



Begin Summary ...
  Cells       : 0
  SameNet     : 0
  Wiring      : 0
  Antenna     : 0
  Short       : 23
  Overlap     : 0
End Summary

  Total Violations : 23 Viols.
